<?xml version="1.0" encoding="UTF-8"?>
<testsuite xmlns:xsi="http://www.w3.org/2001/XMLSchema-instance" xsi:noNamespaceSchemaLocation="https://maven.apache.org/surefire/maven-surefire-plugin/xsd/surefire-test-report-3.0.xsd" version="3.0" name="br.com.bruno.MaterialApplicationTests" time="4.958" tests="1" errors="0" skipped="0" failures="0">
  <properties>
[...]
</properties>
  <testcase name="contextLoads" classname="br.com.bruno.MaterialApplicationTests" time="0.482">
    <system-out><![CDATA[21:22:14.613 [main] INFO org.springframework.test.context.support.AnnotationConfigContextLoaderUtils -- Could not detect default configuration classes for test class [br.com.bruno.MaterialApplicationTests]: MaterialApplicationTests does not declare any static, non-private, non-final, nested classes annotated with @Configuration.
21:22:14.705 [main] INFO org.springframework.boot.test.context.SpringBootTestContextBootstrapper -- Found @SpringBootConfiguration br.com.bruno.SgmApplication for test class br.com.bruno.MaterialApplicationTests

  .   ____          _            __ _ _
 /\\ / ___'_ __ _ _(_)_ __  __ _ \ \ \ \
( ( )\___ | '_ | '_| | '_ \/ _` | \ \ \ \
 \\/  ___)| |_)| | | | | || (_| |  ) ) ) )
  '  |____| .__|_| |_|_| |_\__, | / / / /
 =========|_|==============|___/=/_/_/_/
 :: Spring Boot ::                (v3.1.0)

2023-06-07T21:22:15.070-03:00  INFO 461308 --- [           main] br.com.bruno.MaterialApplicationTests    : Starting MaterialApplicationTests using Java 17.0.7 with PID 461308 (started by luismartorano in /home/luismartorano/material)
2023-06-07T21:22:15.071-03:00  INFO 461308 --- [           main] br.com.bruno.MaterialApplicationTests    : No active profile set, falling back to 1 default profile: "default"
2023-06-07T21:22:15.679-03:00  INFO 461308 --- [           main] .s.d.r.c.RepositoryConfigurationDelegate : Bootstrapping Spring Data JPA repositories in DEFAULT mode.
2023-06-07T21:22:15.728-03:00  INFO 461308 --- [           main] .s.d.r.c.RepositoryConfigurationDelegate : Finished Spring Data repository scanning in 42 ms. Found 2 JPA repository interfaces.
2023-06-07T21:22:16.243-03:00  INFO 461308 --- [           main] o.hibernate.jpa.internal.util.LogHelper  : HHH000204: Processing PersistenceUnitInfo [name: default]
2023-06-07T21:22:16.289-03:00  INFO 461308 --- [           main] org.hibernate.Version                    : HHH000412: Hibernate ORM core version 6.2.2.Final
2023-06-07T21:22:16.291-03:00  INFO 461308 --- [           main] org.hibernate.cfg.Environment            : HHH000406: Using bytecode reflection optimizer
2023-06-07T21:22:16.426-03:00  INFO 461308 --- [           main] o.h.b.i.BytecodeProviderInitiator        : HHH000021: Bytecode provider name : bytebuddy
2023-06-07T21:22:16.536-03:00  INFO 461308 --- [           main] o.s.o.j.p.SpringPersistenceUnitInfo      : No LoadTimeWeaver setup: ignoring JPA class transformer
2023-06-07T21:22:16.551-03:00  INFO 461308 --- [           main] com.zaxxer.hikari.HikariDataSource       : HikariPool-1 - Starting...
2023-06-07T21:22:16.779-03:00  INFO 461308 --- [           main] com.zaxxer.hikari.pool.HikariPool        : HikariPool-1 - Added connection conn0: url=jdbc:h2:~/db user=SGV
2023-06-07T21:22:16.781-03:00  INFO 461308 --- [           main] com.zaxxer.hikari.HikariDataSource       : HikariPool-1 - Start completed.
2023-06-07T21:22:16.804-03:00  INFO 461308 --- [           main] org.hibernate.orm.dialect                : HHH035001: Using dialect: org.hibernate.dialect.H2Dialect, version: 2.1.214
2023-06-07T21:22:17.001-03:00  INFO 461308 --- [           main] o.h.b.i.BytecodeProviderInitiator        : HHH000021: Bytecode provider name : bytebuddy
2023-06-07T21:22:17.568-03:00  INFO 461308 --- [           main] o.h.e.t.j.p.i.JtaPlatformInitiator       : HHH000490: Using JtaPlatform implementation: [org.hibernate.engine.transaction.jta.platform.internal.NoJtaPlatform]
2023-06-07T21:22:17.591-03:00  INFO 461308 --- [           main] j.LocalContainerEntityManagerFactoryBean : Initialized JPA EntityManagerFactory for persistence unit 'default'
2023-06-07T21:22:17.789-03:00  INFO 461308 --- [           main] o.s.d.j.r.query.QueryEnhancerFactory     : Hibernate is in classpath; If applicable, HQL parser will be used.
2023-06-07T21:22:18.312-03:00  WARN 461308 --- [           main] JpaBaseConfiguration$JpaWebConfiguration : spring.jpa.open-in-view is enabled by default. Therefore, database queries may be performed during view rendering. Explicitly configure spring.jpa.open-in-view to disable this warning
2023-06-07T21:22:18.433-03:00  INFO 461308 --- [           main] o.s.b.a.w.s.WelcomePageHandlerMapping    : Adding welcome page template: index
2023-06-07T21:22:18.627-03:00  INFO 461308 --- [           main] o.s.s.w.a.c.ChannelProcessingFilter      : Validated configuration attributes
2023-06-07T21:22:18.628-03:00  INFO 461308 --- [           main] o.s.s.web.DefaultSecurityFilterChain     : Will secure any request with [org.springframework.security.web.session.DisableEncodeUrlFilter@5d28e108, org.springframework.security.web.access.channel.ChannelProcessingFilter@138a51d5, org.springframework.security.web.context.request.async.WebAsyncManagerIntegrationFilter@4d2bcca8, org.springframework.security.web.context.SecurityContextHolderFilter@759862a2, org.springframework.security.web.header.HeaderWriterFilter@6592a73b, org.springframework.security.web.csrf.CsrfFilter@65d3e2ba, org.springframework.security.web.authentication.logout.LogoutFilter@78c34153, org.springframework.security.web.authentication.UsernamePasswordAuthenticationFilter@7df1fc5a, org.springframework.security.web.savedrequest.RequestCacheAwareFilter@197c3101, org.springframework.security.web.servletapi.SecurityContextHolderAwareRequestFilter@2df0a4c3, org.springframework.security.web.authentication.AnonymousAuthenticationFilter@4587675c, org.springframework.security.web.access.ExceptionTranslationFilter@520034a, org.springframework.security.web.access.intercept.AuthorizationFilter@106e6dfe]
2023-06-07T21:22:18.633-03:00  WARN 461308 --- [           main] o.s.s.c.a.web.builders.WebSecurity       : You are asking Spring Security to ignore Mvc [pattern='/images/**']. This is not recommended -- please use permitAll via HttpSecurity#authorizeHttpRequests instead.
2023-06-07T21:22:18.633-03:00  INFO 461308 --- [           main] o.s.s.web.DefaultSecurityFilterChain     : Will not secure Mvc [pattern='/images/**']
2023-06-07T21:22:18.634-03:00  WARN 461308 --- [           main] o.s.s.c.a.web.builders.WebSecurity       : You are asking Spring Security to ignore Mvc [pattern='/js/**']. This is not recommended -- please use permitAll via HttpSecurity#authorizeHttpRequests instead.
2023-06-07T21:22:18.634-03:00  INFO 461308 --- [           main] o.s.s.web.DefaultSecurityFilterChain     : Will not secure Mvc [pattern='/js/**']
2023-06-07T21:22:18.634-03:00  WARN 461308 --- [           main] o.s.s.c.a.web.builders.WebSecurity       : You are asking Spring Security to ignore Mvc [pattern='/webjars/**']. This is not recommended -- please use permitAll via HttpSecurity#authorizeHttpRequests instead.
2023-06-07T21:22:18.634-03:00  INFO 461308 --- [           main] o.s.s.web.DefaultSecurityFilterChain     : Will not secure Mvc [pattern='/webjars/**']
2023-06-07T21:22:18.870-03:00  INFO 461308 --- [           main] o.s.b.a.h2.H2ConsoleAutoConfiguration    : H2 console available at '/h2-console'. Database available at 'jdbc:h2:~/db'
2023-06-07T21:22:18.919-03:00  INFO 461308 --- [           main] br.com.bruno.MaterialApplicationTests    : Started MaterialApplicationTests in 4.087 seconds (process running for 5.108)
]]></system-out>
  </testcase>
</testsuite>